# JRE version: Java(TM) SE Runtime Environment (8.0_05-b13) (build 1.8.0_05-b13)
# Java VM: Java HotSpot(TM) 64-Bit Server VM (25.5-b02 mixed mode linux-amd64 compressed oops)
Heap:
 def new generation   total 105728K, used 55008K [0x00000000a2400000, 0x00000000a96b0000, 0x00000000c1800000)
  eden space 94016K,  53% used [0x00000000a2400000, 0x00000000a5529b50, 0x00000000a7fd0000)
  from space 11712K,  39% used [0x00000000a8b40000, 0x00000000a8fce818, 0x00000000a96b0000)
  to   space 11712K,   0% used [0x00000000a7fd0000, 0x00000000a7fd0000, 0x00000000a8b40000)
 tenured generation   total 234804K, used 196057K [0x00000000c1800000, 0x00000000cfd4d000, 0x0000000100000000)
   the space 234804K,  83% used [0x00000000c1800000, 0x00000000cd776798, 0x00000000cd776800, 0x00000000cfd4d000)
 Metaspace       used 57928K, capacity 59440K, committed 59648K, reserved 1101824K
  class space    used 7582K, capacity 7887K, committed 7936K, reserved 1048576K
GC Heap History (10 events):
Event: 3969.047 GC heap before
{Heap before GC invocations=724 (full 6):
 def new generation   total 105728K, used 98690K [0x00000000a2400000, 0x00000000a96b0000, 0x00000000c1800000)
  eden space 94016K, 100% used [0x00000000a2400000, 0x00000000a7fd0000, 0x00000000a7fd0000)
  from space 11712K,  39% used [0x00000000a7fd0000, 0x00000000a8460b88, 0x00000000a8b40000)
  to   space 11712K,   0% used [0x00000000a8b40000, 0x00000000a8b40000, 0x00000000a96b0000)
 tenured generation   total 234804K, used 195818K [0x00000000c1800000, 0x00000000cfd4d000, 0x0000000100000000)
   the space 234804K,  83% used [0x00000000c1800000, 0x00000000cd73a9c8, 0x00000000cd73aa00, 0x00000000cfd4d000)
 Metaspace       used 57910K, capacity 59440K, committed 59648K, reserved 1101824K
  class space    used 7579K, capacity 7887K, committed 7936K, reserved 1048576K
Event: 3969.063 GC heap after
Heap after GC invocations=725 (full 6):
 def new generation   total 105728K, used 5728K [0x00000000a2400000, 0x00000000a96b0000, 0x00000000c1800000)
  eden space 94016K,   0% used [0x00000000a2400000, 0x00000000a2400000, 0x00000000a7fd0000)
  from space 11712K,  48% used [0x00000000a8b40000, 0x00000000a90d82b0, 0x00000000a96b0000)
  to   space 11712K,   0% used [0x00000000a7fd0000, 0x00000000a7fd0000, 0x00000000a8b40000)
 tenured generation   total 234804K, used 195818K [0x00000000c1800000, 0x00000000cfd4d000, 0x0000000100000000)
   the space 234804K,  83% used [0x00000000c1800000, 0x00000000cd73a9e8, 0x00000000cd73aa00, 0x00000000cfd4d000)
 Metaspace       used 57910K, capacity 59440K, committed 59648K, reserved 1101824K
  class space    used 7579K, capacity 7887K, committed 7936K, reserved 1048576K
}
Event: 3969.370 GC heap before
{Heap before GC invocations=725 (full 6):
 def new generation   total 105728K, used 99744K [0x00000000a2400000, 0x00000000a96b0000, 0x00000000c1800000)
  eden space 94016K, 100% used [0x00000000a2400000, 0x00000000a7fd0000, 0x00000000a7fd0000)
  from space 11712K,  48% used [0x00000000a8b40000, 0x00000000a90d82b0, 0x00000000a96b0000)
  to   space 11712K,   0% used [0x00000000a7fd0000, 0x00000000a7fd0000, 0x00000000a8b40000)
 tenured generation   total 234804K, used 195818K [0x00000000c1800000, 0x00000000cfd4d000, 0x0000000100000000)
   the space 234804K,  83% used [0x00000000c1800000, 0x00000000cd73a9e8, 0x00000000cd73aa00, 0x00000000cfd4d000)
 Metaspace       used 57910K, capacity 59440K, committed 59648K, reserved 1101824K
  class space    used 7579K, capacity 7887K, committed 7936K, reserved 1048576K
Event: 3969.382 GC heap after
Heap after GC invocations=726 (full 6):
 def new generation   total 105728K, used 4533K [0x00000000a2400000, 0x00000000a96b0000, 0x00000000c1800000)
  eden space 94016K,   0% used [0x00000000a2400000, 0x00000000a2400000, 0x00000000a7fd0000)
  from space 11712K,  38% used [0x00000000a7fd0000, 0x00000000a843d528, 0x00000000a8b40000)
  to   space 11712K,   0% used [0x00000000a8b40000, 0x00000000a8b40000, 0x00000000a96b0000)
 tenured generation   total 234804K, used 195818K [0x00000000c1800000, 0x00000000cfd4d000, 0x0000000100000000)
   the space 234804K,  83% used [0x00000000c1800000, 0x00000000cd73aa98, 0x00000000cd73ac00, 0x00000000cfd4d000)
 Metaspace       used 57910K, capacity 59440K, committed 59648K, reserved 1101824K
  class space    used 7579K, capacity 7887K, committed 7936K, reserved 1048576K
}
Event: 3969.678 GC heap before
{Heap before GC invocations=726 (full 6):
 def new generation   total 105728K, used 98549K [0x00000000a2400000, 0x00000000a96b0000, 0x00000000c1800000)
  eden space 94016K, 100% used [0x00000000a2400000, 0x00000000a7fd0000, 0x00000000a7fd0000)
  from space 11712K,  38% used [0x00000000a7fd0000, 0x00000000a843d528, 0x00000000a8b40000)
  to   space 11712K,   0% used [0x00000000a8b40000, 0x00000000a8b40000, 0x00000000a96b0000)
 tenured generation   total 234804K, used 195818K [0x00000000c1800000, 0x00000000cfd4d000, 0x0000000100000000)
   the space 234804K,  83% used [0x00000000c1800000, 0x00000000cd73aa98, 0x00000000cd73ac00, 0x00000000cfd4d000)
 Metaspace       used 57910K, capacity 59440K, committed 59648K, reserved 1101824K
  class space    used 7579K, capacity 7887K, committed 7936K, reserved 1048576K
Event: 3969.692 GC heap after
Heap after GC invocations=727 (full 6):
 def new generation   total 105728K, used 5129K [0x00000000a2400000, 0x00000000a96b0000, 0x00000000c1800000)
  eden space 94016K,   0% used [0x00000000a2400000, 0x00000000a2400000, 0x00000000a7fd0000)
  from space 11712K,  43% used [0x00000000a8b40000, 0x00000000a9042610, 0x00000000a96b0000)
  to   space 11712K,   0% used [0x00000000a7fd0000, 0x00000000a7fd0000, 0x00000000a8b40000)
 tenured generation   total 234804K, used 195818K [0x00000000c1800000, 0x00000000cfd4d000, 0x0000000100000000)
   the space 234804K,  83% used [0x00000000c1800000, 0x00000000cd73aa98, 0x00000000cd73ac00, 0x00000000cfd4d000)
 Metaspace       used 57910K, capacity 59440K, committed 59648K, reserved 1101824K
  class space    used 7579K, capacity 7887K, committed 7936K, reserved 1048576K
}
Event: 3970.020 GC heap before
{Heap before GC invocations=727 (full 6):
 def new generation   total 105728K, used 99145K [0x00000000a2400000, 0x00000000a96b0000, 0x00000000c1800000)
  eden space 94016K, 100% used [0x00000000a2400000, 0x00000000a7fd0000, 0x00000000a7fd0000)
  from space 11712K,  43% used [0x00000000a8b40000, 0x00000000a9042610, 0x00000000a96b0000)
  to   space 11712K,   0% used [0x00000000a7fd0000, 0x00000000a7fd0000, 0x00000000a8b40000)
 tenured generation   total 234804K, used 195818K [0x00000000c1800000, 0x00000000cfd4d000, 0x0000000100000000)
   the space 234804K,  83% used [0x00000000c1800000, 0x00000000cd73aa98, 0x00000000cd73ac00, 0x00000000cfd4d000)
 Metaspace       used 57910K, capacity 59440K, committed 59648K, reserved 1101824K
  class space    used 7579K, capacity 7887K, committed 7936K, reserved 1048576K
Event: 3970.031 GC heap after
Heap after GC invocations=728 (full 6):
 def new generation   total 105728K, used 3955K [0x00000000a2400000, 0x00000000a96b0000, 0x00000000c1800000)
  eden space 94016K,   0% used [0x00000000a2400000, 0x00000000a2400000, 0x00000000a7fd0000)
  from space 11712K,  33% used [0x00000000a7fd0000, 0x00000000a83acc28, 0x00000000a8b40000)
  to   space 11712K,   0% used [0x00000000a8b40000, 0x00000000a8b40000, 0x00000000a96b0000)
 tenured generation   total 234804K, used 195988K [0x00000000c1800000, 0x00000000cfd4d000, 0x0000000100000000)
   the space 234804K,  83% used [0x00000000c1800000, 0x00000000cd765130, 0x00000000cd765200, 0x00000000cfd4d000)
 Metaspace       used 57910K, capacity 59440K, committed 59648K, reserved 1101824K
  class space    used 7579K, capacity 7887K, committed 7936K, reserved 1048576K
}
Event: 3970.336 GC heap before
{Heap before GC invocations=728 (full 6):
 def new generation   total 105728K, used 97971K [0x00000000a2400000, 0x00000000a96b0000, 0x00000000c1800000)
  eden space 94016K, 100% used [0x00000000a2400000, 0x00000000a7fd0000, 0x00000000a7fd0000)
  from space 11712K,  33% used [0x00000000a7fd0000, 0x00000000a83acc28, 0x00000000a8b40000)
  to   space 11712K,   0% used [0x00000000a8b40000, 0x00000000a8b40000, 0x00000000a96b0000)
 tenured generation   total 234804K, used 195988K [0x00000000c1800000, 0x00000000cfd4d000, 0x0000000100000000)
   the space 234804K,  83% used [0x00000000c1800000, 0x00000000cd765130, 0x00000000cd765200, 0x00000000cfd4d000)
 Metaspace       used 57910K, capacity 59440K, committed 59648K, reserved 1101824K
  class space    used 7579K, capacity 7887K, committed 7936K, reserved 1048576K
Event: 3970.351 GC heap after
Heap after GC invocations=729 (full 6):
 def new generation   total 105728K, used 4666K [0x00000000a2400000, 0x00000000a96b0000, 0x00000000c1800000)
  eden space 94016K,   0% used [0x00000000a2400000, 0x00000000a2400000, 0x00000000a7fd0000)
  from space 11712K,  39% used [0x00000000a8b40000, 0x00000000a8fce818, 0x00000000a96b0000)
  to   space 11712K,   0% used [0x00000000a7fd0000, 0x00000000a7fd0000, 0x00000000a8b40000)
 tenured generation   total 234804K, used 196057K [0x00000000c1800000, 0x00000000cfd4d000, 0x0000000100000000)
   the space 234804K,  83% used [0x00000000c1800000, 0x00000000cd776798, 0x00000000cd776800, 0x00000000cfd4d000)
 Metaspace       used 57910K, capacity 59440K, committed 59648K, reserved 1101824K
  class space    used 7579K, capacity 7887K, committed 7936K, reserved 1048576K
}

